[2024-01-21 22:30:45] GET /add/test/Go Project 268.7µs
[2024-01-21 22:31:31] GET /add/testest/Go Project Middelware 68.3µs
[2024-01-21 22:31:47] GET /get/Test 328.7µs
[2024-01-21 22:31:55] GET /get/test 97µs
[2024-01-21 22:32:01] GET /get/fury 104.3µs
[2024-01-21 22:32:08] GET /get/taha 273.5µs
[2024-01-21 22:32:21] GET /add/ssss/Go 620.8µs
[2024-01-21 22:32:29] DELETE /remove/ssi 607.6µs
[2024-01-21 22:52:32] GET /get/taha 14.3687ms
[2024-01-21 22:52:54] GET /get/taha 0s
[2024-01-21 23:00:17] GET /get/taha 0s
[2024-01-21 23:03:18] GET /get/taha 0s
[2024-01-21 23:05:41] GET /get/taha 191.5µs
[2024-01-21 23:06:14] GET /add/Hi/Go 511.2µs
[2024-01-21 23:06:22] GET /get/Hi 251.4µs
[2024-01-21 23:06:25] DELETE /remove/Hi 1.3507ms
[2024-01-21 23:06:49] GET /add/Module/Go 1.4078ms
[2024-01-21 23:06:58] GET /get/Module 173.2µs
[2024-01-21 23:07:02] DELETE /remove/Module 230.8µs
[2024-01-23 20:06:01] GET /add/Module/Go 0s
[2024-01-23 20:15:53] GET /get/Module 1.5026ms
[2024-01-23 20:20:44] POST /add/Module/Go 3.0951ms
[2024-01-23 20:20:50] GET /get/Module 1.0814ms
[2024-01-23 20:21:26] POST /add//Go 0s
[2024-01-23 20:21:34] POST /add//Go 937.2µs
[2024-01-23 20:21:39] POST /add/Modulee/Go 834.5µs
[2024-01-23 20:21:44] POST /add/Modulee/Go 1.6412ms
[2024-01-23 20:21:54] GET /get/Moduleeeee 263.9µs
[2024-01-23 20:30:14] DELETE /remove/Moduless 575.9µs
[2024-01-23 20:31:01] DELETE /remove/Modules 7.9988ms
[2024-01-23 20:33:49] DELETE /remove/Moduless 0s
[2024-01-23 20:35:26] DELETE /remove/Moduleeee 324.3µs
[2024-01-23 20:35:39] DELETE /remove/Modulessd 1.3098ms
[2024-01-23 20:35:44] DELETE /remove/Modulehssddf 706.2µs
[2024-01-23 20:37:30] DELETE /remove/Modulehssff 268.9µs
[2024-01-23 20:37:44] DELETE /remove/Modulfffe 16.7514ms
[2024-01-23 20:40:36] DELETE /remove/Modulffe 399µs
[2024-01-23 20:40:54] DELETE /remove/Moduleeccc 1.5477ms
[2024-01-23 20:45:53] DELETE /remove/Modulecee 633.3µs
[2024-01-23 20:45:59] DELETE /remove/Module 0s
[2024-01-23 20:48:29] DELETE /remove/Module 1.7948ms
[2024-01-23 20:48:52] DELETE /remove/Modulefgh 1.4833ms
[2024-01-23 20:49:07] DELETE /remove/Moduleeeec 3.1594ms
[2024-01-23 20:54:31] DELETE /remove/Moduleeeec 1.0462ms
[2024-01-23 20:54:32] DELETE /remove/Moduleeeec 3.615ms
[2024-01-23 20:57:54] DELETE /remove/Moduleeeec 1.2724ms
[2024-01-23 20:58:11] DELETE /remove/Moduleeeec 857.7µs
[2024-01-23 20:59:57] DELETE /remove/Moduleeeec 1.6513ms
[2024-01-23 21:01:53] DELETE /remove/Moduleeeec  2.1432ms
[2024-01-23 21:02:02] DELETE /remove/Module 1.4079ms
[2024-01-23 21:02:12] DELETE /remove/Test 4.4471ms
[2024-01-23 21:14:56] DELETE /remove/Test 599.2µs
[2024-01-23 21:15:04] POST /add/Moddeee/Go 0s
[2024-01-23 21:15:57] GET /get/Moddeee 505µs
[2024-01-23 21:16:05] GET /get/Moddeee 469.1µs
[2024-01-23 21:22:55] POST /add/Moddeee/Go 512.5µs
[2024-01-23 21:23:29] GET /get/Moddeee 166.1µs
[2024-01-23 21:23:40] POST /add/Moddeee/Go 160.6µs
[2024-01-23 21:50:14] POST /add/Moddeee/Go 298.4µs
[2024-01-23 21:53:09] DELETE /remove/Test 1.108ms
[2024-01-23 21:54:36] POST /add/Modue/Go 988.1µs
[2024-01-23 21:56:45] POST /add/Moduleeevevve/Go 345.8µs
[2024-01-23 21:59:24] POST /add/Moduleeeevvve/Go 0s
[2024-01-23 22:00:33] POST /add/Moduleeveeefe/Go 0s
[2024-01-23 22:00:40] DELETE /remove/Test 0s
[2024-01-23 22:00:50] DELETE /remove/Moduleeefefe 5.2273ms
[2024-01-23 22:00:55] GET /get/Modeeee 0s
[2024-01-23 22:01:07] GET /get/Modulee 170.3µs
[2024-01-23 22:02:04] POST /add/Modu/Go 754.3µs
[2024-01-23 22:15:56] POST /add/Moduleeeeeeeee/Go 1.6796ms
[2024-01-23 22:16:29] DELETE /remove/Moduleveeee 1.8934ms
[2024-01-23 22:16:34] POST /add/Moduleev/Goooo 1.0397ms
[2024-01-23 22:16:39] DELETE /remove/Modurr 1.6046ms
[2024-01-24 19:12:44] POST /add/Modulerr/Goooo 2.3835ms
[2024-01-24 19:13:06] POST /add//Goooo 234µs
[2024-01-24 19:14:39] POST /add// 958.8µs
[2024-01-24 19:15:03] POST /add/Module/ 0s
[2024-01-24 19:15:22] DELETE /remove/Moduleeeee 938.6µs
[2024-01-24 19:15:35] DELETE /remove/Module 738.5µs
[2024-01-24 19:15:44] GET /get/Modu 1.176ms
[2024-01-24 19:17:47] GET /get/Moduleeee818.7µs
[2024-01-24 19:20:05] GET /get/Modd 1.1258ms
[2024-01-24 19:20:16] DELETE /remove/Modd 1.2739ms
[2024-01-24 19:21:31] GET /get/Modulee 183.6µs
[2024-01-24 19:21:42] DELETE /remove/Modulee 566.3µs
[2024-01-24 19:21:59] DELETE /remove/Modulee 1.4778ms
[2024-01-24 19:23:53] POST /add/test/hello 996.8µs
[2024-01-24 19:24:03] GET /get/test 264.1µs
[2024-01-24 19:24:07] GET /get/testh 643.2µs
[2024-01-24 19:24:16] DELETE /remove/testfg 118.9µs
[2024-01-24 19:24:23] DELETE /remove/test 1.3915ms
[2024-01-24 19:25:56] POST /add/test/taha 2.084ms
[2024-01-24 19:26:13] POST /add/test/taha 591.5µs
[2024-01-24 19:26:18] GET /get/testh 192.4µs
[2024-01-24 19:26:21] GET /get/test 630.5µs
[2024-01-24 19:26:28] DELETE /remove/testjrrj 804.9µs
[2024-01-24 19:26:33] DELETE /remove/test 2.2625ms
[2024-01-24 19:26:45] POST /add/test/taha 678.7µs
[2024-01-24 19:27:00] GET /get/Modulee 722µs
[2024-01-24 19:27:05] DELETE /remove/taha 668.6µs
